0 info it worked if it ends with ok
1 verbose cli [ '/usr/bin/nodejs', '/usr/bin/npm', 'publish' ]
2 info using npm@3.5.2
3 info using node@v4.2.6
4 verbose publish [ '.' ]
5 silly cache add args [ '.', null ]
6 verbose cache add spec .
7 silly cache add parsed spec Result {
7 silly cache add   raw: '.',
7 silly cache add   scope: null,
7 silly cache add   name: null,
7 silly cache add   rawSpec: '.',
7 silly cache add   spec: '/home/chloro/Desktop/projects/gulp-karma-2',
7 silly cache add   type: 'directory' }
8 verbose addLocalDirectory /home/chloro/.npm/gulp-karma-2/1.0.1/package.tgz not in flight; packing
9 verbose makeDirectory /home/chloro/.npm creation not in flight; initializing
10 silly makeDirectory /home/chloro/.npm uid: 1000 gid: 1000
11 info lifecycle gulp-karma-2@1.0.1~prepublish: gulp-karma-2@1.0.1
12 silly lifecycle gulp-karma-2@1.0.1~prepublish: no script for prepublish, continuing
13 verbose tar pack [ '/home/chloro/.npm/gulp-karma-2/1.0.1/package.tgz',
13 verbose tar pack   '/home/chloro/Desktop/projects/gulp-karma-2' ]
14 verbose tarball /home/chloro/.npm/gulp-karma-2/1.0.1/package.tgz
15 verbose folder /home/chloro/Desktop/projects/gulp-karma-2
16 verbose addLocalTarball adding from inside cache /home/chloro/.npm/gulp-karma-2/1.0.1/package.tgz
17 silly cache afterAdd gulp-karma-2@1.0.1
18 verbose afterAdd /home/chloro/.npm/gulp-karma-2/1.0.1/package/package.json not in flight; writing
19 verbose afterAdd /home/chloro/.npm/gulp-karma-2/1.0.1/package/package.json written
20 silly publish { name: 'gulp-karma-2',
20 silly publish   version: '1.0.1',
20 silly publish   description: 'gulp-karma updated to use non-depracated karma functionality',
20 silly publish   main: 'index.js',
20 silly publish   scripts: { test: 'echo "Error: no test specified" && exit 1' },
20 silly publish   author: { name: 'Cory Maloy' },
20 silly publish   dependencies:
20 silly publish    { 'event-stream': '~3.0.20',
20 silly publish      'gulp-util': '~2.2.14',
20 silly publish      optimist: '~0.6.0',
20 silly publish      xtend: '~2.1.1' },
20 silly publish   license: 'ISC',
20 silly publish   readme: '** Gulp Karma 2\n===================\n\n> An easy way to run single single specs off of a gulp watcher.\n\n\n## Requirements\n\n* `Karma 0.1.3` or older\n\n\n## Note\n\nThis plugin is nice for running 1 spec file, or a handful of spec files. It allows you to easily pass in the files you\nneed without having to define a separate karma.conf file. Useful for running tests after a watched file changes on the\ndev server, as it can easily run the corresponding spec for the modified file. It\'s a nice feature when you are doing\nyour unit testing.\n\n## Example Usage\n\n```javascript\nvar gulpKarma2 = require(\'gulp-karma-2\');\n\ngulp.watch(\'app/**/*.specs.js\', function(file) {\n  console.log(\'Change detected in file: \' + file.path + \' running it\\\'s tests...\');\n  // Put the path to libraries needed to run your tests here:\n  var files = [\'node_modules/angular/angular.js\', \'node_modules/angular-mocks/angular-mocks.js\']\n  files.push(file.path);\n  gulp.src(files)\n    .pipe(gulpKarma2({configFile: \'app/karma.conf.js\'}))\n    .on(\'error\', function(error) {\n      console.log(error.message);\n    });\n});\n```\n',
20 silly publish   readmeFilename: 'readme.md',
20 silly publish   gitHead: '892a9f7bc2ab64507fa4b88f68736852f3204a42',
20 silly publish   _id: 'gulp-karma-2@1.0.1',
20 silly publish   _shasum: 'b97b39ba2d72b9c8297f6931c90db90aa5c5f59b',
20 silly publish   _from: '.' }
21 verbose getPublishConfig undefined
22 silly mapToRegistry name gulp-karma-2
23 silly mapToRegistry using default registry
24 silly mapToRegistry registry https://registry.npmjs.org/
25 silly mapToRegistry uri https://registry.npmjs.org/gulp-karma-2
26 verbose publish registryBase https://registry.npmjs.org/
27 silly publish uploading /home/chloro/.npm/gulp-karma-2/1.0.1/package.tgz
28 verbose stack Error: auth required for publishing
28 verbose stack     at CachingRegistryClient.publish (/usr/share/npm/node_modules/npm-registry-client/lib/publish.js:30:14)
28 verbose stack     at /usr/share/npm/lib/publish.js:137:14
28 verbose stack     at mapToRegistry (/usr/share/npm/lib/utils/map-to-registry.js:55:3)
28 verbose stack     at publish_ (/usr/share/npm/lib/publish.js:106:3)
28 verbose stack     at Array.<anonymous> (/usr/share/npm/node_modules/slide/lib/bind-actor.js:15:8)
28 verbose stack     at LOOP (/usr/share/npm/node_modules/slide/lib/chain.js:15:14)
28 verbose stack     at LOOP (/usr/share/npm/node_modules/slide/lib/chain.js:14:28)
28 verbose stack     at chain (/usr/share/npm/node_modules/slide/lib/chain.js:20:5)
28 verbose stack     at /usr/share/npm/lib/publish.js:72:5
28 verbose stack     at RES (/usr/share/npm/node_modules/inflight/inflight.js:23:14)
29 verbose cwd /home/chloro/Desktop/projects/gulp-karma-2
30 error Linux 4.8.0-30-generic
31 error argv "/usr/bin/nodejs" "/usr/bin/npm" "publish"
32 error node v4.2.6
33 error npm  v3.5.2
34 error code ENEEDAUTH
35 error need auth auth required for publishing
36 error need auth You need to authorize this machine using `npm adduser`
37 verbose exit [ 1, true ]
